\BOOKMARK [1][-]{section*.2}{\376\377\000\101\000\142\000\163\000\164\000\162\000\141\000\143\000\164}{}% 1
\BOOKMARK [1][-]{section.1}{\376\377\000\061\000\040\000\111\000\156\000\164\000\162\000\157\000\144\000\165\000\143\000\164\000\151\000\157\000\156}{}% 2
\BOOKMARK [1][-]{section.2}{\376\377\000\062\000\040\000\122\000\145\000\154\000\141\000\164\000\145\000\144\000\040\000\127\000\157\000\162\000\153}{}% 3
\BOOKMARK [1][-]{section.3}{\376\377\000\063\000\040\000\105\000\155\000\160\000\151\000\162\000\151\000\143\000\141\000\154\000\040\000\123\000\164\000\165\000\144\000\171}{}% 4
\BOOKMARK [2][-]{subsection.3.1}{\376\377\000\063\000\056\000\061\000\040\000\123\000\151\000\154\000\145\000\156\000\164\000\040\000\115\000\151\000\156\000\157\000\162\000\151\000\164\000\171}{section.3}% 5
\BOOKMARK [2][-]{subsection.3.2}{\376\377\000\063\000\056\000\062\000\040\000\117\000\160\000\151\000\156\000\151\000\157\000\156\000\040\000\103\000\154\000\151\000\155\000\141\000\164\000\145}{section.3}% 6
\BOOKMARK [2][-]{subsection.3.3}{\376\377\000\063\000\056\000\063\000\040\000\110\000\141\000\162\000\144\000\143\000\157\000\162\000\145\000\040\000\125\000\163\000\145\000\162\000\163}{section.3}% 7
\BOOKMARK [2][-]{subsection.3.4}{\376\377\000\063\000\056\000\064\000\040\000\110\000\141\000\162\000\144\000\143\000\157\000\162\000\145\000\040\000\141\000\156\000\144\000\040\000\111\000\164\000\145\000\155\000\163}{section.3}% 8
\BOOKMARK [1][-]{section.4}{\376\377\000\064\000\040\000\115\000\157\000\144\000\145\000\154}{}% 9
\BOOKMARK [2][-]{subsection.4.1}{\376\377\000\064\000\056\000\061\000\040\000\115\000\157\000\144\000\145\000\154\000\040\000\102\000\141\000\163\000\145\000\040\000\141\000\156\000\144\000\040\000\103\000\117\000\114}{section.4}% 10
\BOOKMARK [2][-]{subsection.4.2}{\376\377\000\064\000\056\000\062\000\040\000\115\000\157\000\144\000\145\000\154\000\040\000\103\000\120\000\103}{section.4}% 11
\BOOKMARK [2][-]{subsection.4.3}{\376\377\000\064\000\056\000\063\000\040\000\115\000\157\000\144\000\145\000\154\000\040\000\103\000\120\000\120}{section.4}% 12
\BOOKMARK [2][-]{subsection.4.4}{\376\377\000\064\000\056\000\064\000\040\000\115\000\157\000\144\000\145\000\154\000\040\000\103\000\120\000\126}{section.4}% 13
\BOOKMARK [2][-]{subsection.4.5}{\376\377\000\064\000\056\000\065\000\040\000\111\000\156\000\146\000\145\000\162\000\145\000\156\000\143\000\145}{section.4}% 14
\BOOKMARK [1][-]{section.5}{\376\377\000\065\000\040\000\105\000\170\000\160\000\145\000\162\000\151\000\155\000\145\000\156\000\164}{}% 15
\BOOKMARK [2][-]{subsection.5.1}{\376\377\000\065\000\056\000\061\000\040\000\103\000\157\000\155\000\160\000\141\000\162\000\141\000\164\000\151\000\166\000\145\000\040\000\123\000\164\000\165\000\144\000\171}{section.5}% 16
\BOOKMARK [2][-]{subsection.5.2}{\376\377\000\065\000\056\000\062\000\040\000\120\000\141\000\162\000\141\000\155\000\145\000\164\000\145\000\162\000\040\000\124\000\165\000\156\000\151\000\156\000\147}{section.5}% 17
\BOOKMARK [2][-]{subsection.5.3}{\376\377\000\065\000\056\000\063\000\040\000\120\000\145\000\162\000\143\000\145\000\151\000\166\000\145\000\144\000\040\000\117\000\160\000\151\000\156\000\151\000\157\000\156\000\040\000\103\000\154\000\151\000\155\000\141\000\164\000\145}{section.5}% 18
\BOOKMARK [2][-]{subsection.5.4}{\376\377\000\065\000\056\000\064\000\040\000\101\000\125\000\103\000\040\000\120\000\145\000\162\000\146\000\157\000\162\000\155\000\141\000\156\000\143\000\145}{section.5}% 19
\BOOKMARK [1][-]{section.6}{\376\377\000\066\000\040\000\103\000\157\000\156\000\143\000\154\000\165\000\163\000\151\000\157\000\156}{}% 20
\BOOKMARK [1][-]{section*.24}{\376\377\000\122\000\145\000\146\000\145\000\162\000\145\000\156\000\143\000\145\000\163}{}% 21
