This is pdfTeX, Version 3.1415926-2.3-1.40.12 (MiKTeX 2.9) (preloaded format=pdflatex 2017.5.1)  23 MAY 2017 14:52
entering extended mode
**C:/Users/Administrator/Desktop/0MissingNotAtRandom-master/LaTeX1.tex
(C:/Users/Administrator/Desktop/0MissingNotAtRandom-master/LaTeX1.tex
LaTeX2e <2011/06/27>
Babel <v3.8m> and hyphenation patterns for loaded.
(C:\Users\Administrator\Desktop\0MissingNotAtRandom-master\acmart.cls
Document Class: acmart 2016/12/03 v1.25 Typesetting articles for Association of
 Computing Machinery
(E:\CTEX\MiKTeX\tex\latex\xkeyval\xkeyval.sty
Package: xkeyval 2008/08/13 v2.6a package option processing (HA)

(E:\CTEX\MiKTeX\tex\generic\xkeyval\xkeyval.tex
\XKV@toks=\toks14
\XKV@tempa@toks=\toks15
\XKV@depth=\count79
File: xkeyval.tex 2008/08/13 v2.6a key=value parser (HA)

(E:\CTEX\MiKTeX\tex\generic\xkeyval\keyval.tex)))
Package acmart Info: Not using screen mode on input line 69.
Package acmart Info: Not using review mode on input line 77.
Package acmart Info: Not using authorversion mode on input line 85.
Package acmart Info: Not using anonymous mode on input line 103.
Class acmart Info: Using format sigconf, number 4 on input line 112.
Class acmart Info: Using fontsize 9pt on input line 168.

(E:\CTEX\MiKTeX\tex\latex\ams\classes\amsart.cls
Document Class: amsart 2009/07/02 v2.20.1
\linespacing=\dimen102
\normalparindent=\dimen103
\normaltopskip=\skip41
(E:\CTEX\MiKTeX\tex\latex\ams\math\amsmath.sty
Package: amsmath 2000/07/18 v2.13 AMS math features
\@mathmargin=\skip42

For additional information on amsmath, use the `?' option.
(E:\CTEX\MiKTeX\tex\latex\ams\math\amstext.sty
Package: amstext 2000/06/29 v2.01

(E:\CTEX\MiKTeX\tex\latex\ams\math\amsgen.sty
File: amsgen.sty 1999/11/30 v2.0
\@emptytoks=\toks16
\ex@=\dimen104
))
(E:\CTEX\MiKTeX\tex\latex\ams\math\amsbsy.sty
Package: amsbsy 1999/11/29 v1.2d
\pmbraise@=\dimen105
)
(E:\CTEX\MiKTeX\tex\latex\ams\math\amsopn.sty
Package: amsopn 1999/12/14 v2.01 operator names
)
\inf@bad=\count80
LaTeX Info: Redefining \frac on input line 211.
\uproot@=\count81
\leftroot@=\count82
LaTeX Info: Redefining \overline on input line 307.
\classnum@=\count83
\DOTSCASE@=\count84
LaTeX Info: Redefining \ldots on input line 379.
LaTeX Info: Redefining \dots on input line 382.
LaTeX Info: Redefining \cdots on input line 467.
\Mathstrutbox@=\box26
\strutbox@=\box27
\big@size=\dimen106
LaTeX Font Info:    Redeclaring font encoding OML on input line 567.
LaTeX Font Info:    Redeclaring font encoding OMS on input line 568.
\macc@depth=\count85
\c@MaxMatrixCols=\count86
\dotsspace@=\muskip10
\c@parentequation=\count87
\dspbrk@lvl=\count88
\tag@help=\toks17
\row@=\count89
\column@=\count90
\maxfields@=\count91
\andhelp@=\toks18
\eqnshift@=\dimen107
\alignsep@=\dimen108
\tagshift@=\dimen109
\tagwidth@=\dimen110
\totwidth@=\dimen111
\lineht@=\dimen112
\@envbody=\toks19
\multlinegap=\skip43
\multlinetaggap=\skip44
\mathdisplay@stack=\toks20
LaTeX Info: Redefining \[ on input line 2666.
LaTeX Info: Redefining \] on input line 2667.
)
LaTeX Font Info:    Try loading font information for U+msa on input line 388.

(E:\CTEX\MiKTeX\tex\latex\amsfonts\umsa.fd
File: umsa.fd 2009/06/22 v3.00 AMS symbols A
)
(E:\CTEX\MiKTeX\tex\latex\amsfonts\amsfonts.sty
Package: amsfonts 2009/06/22 v3.00 Basic AMSFonts support
\symAMSa=\mathgroup4
\symAMSb=\mathgroup5
LaTeX Font Info:    Overwriting math alphabet `\mathfrak' in version `bold'
(Font)                  U/euf/m/n --> U/euf/b/n on input line 96.
)
\copyins=\insert233
\abstractbox=\box28
\listisep=\skip45
\c@part=\count92
\c@section=\count93
\c@subsection=\count94
\c@subsubsection=\count95
\c@paragraph=\count96
\c@subparagraph=\count97
\c@figure=\count98
\c@table=\count99
\abovecaptionskip=\skip46
\belowcaptionskip=\skip47
\captionindent=\dimen113
\thm@style=\toks21
\thm@bodyfont=\toks22
\thm@headfont=\toks23
\thm@notefont=\toks24
\thm@headpunct=\toks25
\thm@preskip=\skip48
\thm@postskip=\skip49
\thm@headsep=\skip50
\dth@everypar=\toks26
)
(E:\CTEX\MiKTeX\tex\latex\microtype\microtype.sty
Package: microtype 2010/01/10 v2.4 Micro-typography with pdfTeX (RS)
\MT@toks=\toks27
\MT@count=\count100
LaTeX Info: Redefining \lsstyle on input line 1597.
LaTeX Info: Redefining \lslig on input line 1597.
\MT@outer@space=\skip51
LaTeX Info: Redefining \textls on input line 1605.
\MT@outer@kern=\dimen114
LaTeX Info: Redefining \textmicrotypecontext on input line 2156.
Package microtype Info: Loading configuration file microtype.cfg.

(E:\CTEX\MiKTeX\tex\latex\microtype\microtype.cfg
File: microtype.cfg 2010/01/10 v2.4 microtype main configuration file (RS)
))
(E:\CTEX\MiKTeX\tex\latex\totpages\totpages.sty
Package: totpages 2005/09/19 v2.00 Totpages Package (muewi)

(E:\CTEX\MiKTeX\tex\latex\ms\everyshi.sty
Package: everyshi 2001/05/15 v3.00 EveryShipout Package (MS)
))
(E:\CTEX\MiKTeX\tex\latex\environ\environ.sty
Package: environ 2008/06/18 v0.2 A new way to define environments
)
(E:\CTEX\MiKTeX\tex\latex\natbib\natbib.sty
Package: natbib 2010/09/13 8.31b (PWD, AO)
\bibhang=\skip52
\bibsep=\skip53
LaTeX Info: Redefining \cite on input line 694.
\c@NAT@ctr=\count101
)
(E:\CTEX\MiKTeX\tex\latex\hyperref\hyperref.sty
Package: hyperref 2012/02/06 v6.82o Hypertext links for LaTeX

(E:\CTEX\MiKTeX\tex\generic\oberdiek\hobsub-hyperref.sty
Package: hobsub-hyperref 2011/04/23 v1.4 Bundle oberdiek, subset hyperref (HO)

(E:\CTEX\MiKTeX\tex\generic\oberdiek\hobsub-generic.sty
Package: hobsub-generic 2011/04/23 v1.4 Bundle oberdiek, subset generic (HO)
Package: hobsub 2011/04/23 v1.4 Subsetting bundle oberdiek (HO)
Package: infwarerr 2010/04/08 v1.3 Providing info/warning/message (HO)
Package: ltxcmds 2011/04/18 v1.20 LaTeX kernel commands for general use (HO)
Package: ifluatex 2010/03/01 v1.3 Provides the ifluatex switch (HO)
Package ifluatex Info: LuaTeX not detected.
Package: ifvtex 2010/03/01 v1.5 Switches for detecting VTeX and its modes (HO)
Package ifvtex Info: VTeX not detected.
Package: intcalc 2007/09/27 v1.1 Expandable integer calculations (HO)
Package: ifpdf 2011/01/30 v2.3 Provides the ifpdf switch (HO)
Package ifpdf Info: pdfTeX in PDF mode is detected.
Package: etexcmds 2011/02/16 v1.5 Prefix for e-TeX command names (HO)
Package etexcmds Info: Could not find \expanded.
(etexcmds)             That can mean that you are not using pdfTeX 1.50 or
(etexcmds)             that some package has redefined \expanded.
(etexcmds)             In the latter case, load this package earlier.
Package: kvsetkeys 2011/04/07 v1.13 Key value parser (HO)
Package: kvdefinekeys 2011/04/07 v1.3 Defining keys (HO)
Package: pdftexcmds 2011/04/22 v0.16 Utilities of pdfTeX for LuaTeX (HO)
Package pdftexcmds Info: LuaTeX not detected.
Package pdftexcmds Info: \pdf@primitive is available.
Package pdftexcmds Info: \pdf@ifprimitive is available.
Package pdftexcmds Info: \pdfdraftmode found.
Package: pdfescape 2011/04/04 v1.12 Provides string conversions (HO)
Package: bigintcalc 2011/01/30 v1.2 Expandable big integer calculations (HO)
Package: bitset 2011/01/30 v1.1 Data type bit set (HO)
Package: uniquecounter 2011/01/30 v1.2 Provides unlimited unique counter (HO)
)
Package hobsub Info: Skipping package `hobsub' (already loaded).
Package: letltxmacro 2010/09/02 v1.4 Let assignment for LaTeX macros (HO)
Package: hopatch 2011/01/30 v1.0 Wrapper for package hooks (HO)
Package: xcolor-patch 2011/01/30 xcolor patch
Package: atveryend 2011/04/23 v1.7 Hooks at very end of document (HO)
Package: atbegshi 2011/01/30 v1.15 At begin shipout hook (HO)
Package: refcount 2010/12/01 v3.2 Data extraction from references (HO)
Package: hycolor 2011/01/30 v1.7 Color options of hyperref/bookmark (HO)
)
(E:\CTEX\MiKTeX\tex\generic\ifxetex\ifxetex.sty
Package: ifxetex 2010/09/12 v0.6 Provides ifxetex conditional
)
(E:\CTEX\MiKTeX\tex\latex\oberdiek\kvoptions.sty
Package: kvoptions 2010/12/23 v3.10 Keyval support for LaTeX options (HO)
)
\@linkdim=\dimen115
\Hy@linkcounter=\count102
\Hy@pagecounter=\count103

(E:\CTEX\MiKTeX\tex\latex\hyperref\pd1enc.def
File: pd1enc.def 2012/02/06 v6.82o Hyperref: PDFDocEncoding definition (HO)
)
\Hy@SavedSpaceFactor=\count104

(E:\CTEX\MiKTeX\tex\latex\00miktex\hyperref.cfg
File: hyperref.cfg 2002/06/06 v1.2 hyperref configuration of TeXLive
)
Package hyperref Info: Option `bookmarksnumbered' set `true' on input line 3925
.
Package hyperref Info: Hyper figures OFF on input line 4046.
Package hyperref Info: Link nesting OFF on input line 4051.
Package hyperref Info: Hyper index ON on input line 4054.
Package hyperref Info: Plain pages OFF on input line 4061.
Package hyperref Info: Backreferencing OFF on input line 4066.
Package hyperref Info: Implicit mode ON; LaTeX internals redefined.
Package hyperref Info: Bookmarks ON on input line 4284.
\c@Hy@tempcnt=\count105

(E:\CTEX\MiKTeX\tex\latex\ltxmisc\url.sty
\Urlmuskip=\muskip11
Package: url 2006/04/12  ver 3.3  Verb mode for urls, etc.
)
LaTeX Info: Redefining \url on input line 4637.
\Fld@menulength=\count106
\Field@Width=\dimen116
\Fld@charsize=\dimen117
Package hyperref Info: Hyper figures OFF on input line 5757.
Package hyperref Info: Link nesting OFF on input line 5762.
Package hyperref Info: Hyper index ON on input line 5765.
Package hyperref Info: backreferencing OFF on input line 5772.
Package hyperref Info: Link coloring OFF on input line 5777.
Package hyperref Info: Link coloring with OCG OFF on input line 5782.
Package hyperref Info: PDF/A mode OFF on input line 5787.
LaTeX Info: Redefining \ref on input line 5827.
LaTeX Info: Redefining \pageref on input line 5831.
\Hy@abspage=\count107
\c@Item=\count108
\c@Hfootnote=\count109
)

Package hyperref Message: Driver (autodetected): hpdftex.

(E:\CTEX\MiKTeX\tex\latex\hyperref\hpdftex.def
File: hpdftex.def 2012/02/06 v6.82o Hyperref driver for pdfTeX
\Fld@listcount=\count110
\c@bookmark@seq@number=\count111

(E:\CTEX\MiKTeX\tex\latex\oberdiek\rerunfilecheck.sty
Package: rerunfilecheck 2011/04/15 v1.7 Rerun checks for auxiliary files (HO)
Package uniquecounter Info: New unique counter `rerunfilecheck' on input line 2
82.
)
\Hy@SectionHShift=\skip54
)
(E:\CTEX\MiKTeX\tex\latex\graphics\graphicx.sty
Package: graphicx 1999/02/16 v1.0f Enhanced LaTeX Graphics (DPC,SPQR)

(E:\CTEX\MiKTeX\tex\latex\graphics\graphics.sty
Package: graphics 2009/02/05 v1.0o Standard LaTeX Graphics (DPC,SPQR)

(E:\CTEX\MiKTeX\tex\latex\graphics\trig.sty
Package: trig 1999/03/16 v1.09 sin cos tan (DPC)
)
(E:\CTEX\MiKTeX\tex\latex\00miktex\graphics.cfg
File: graphics.cfg 2007/01/18 v1.5 graphics configuration of teTeX/TeXLive
)
Package graphics Info: Driver file: pdftex.def on input line 91.

(E:\CTEX\MiKTeX\tex\latex\pdftex-def\pdftex.def
File: pdftex.def 2011/05/27 v0.06d Graphics/color for pdfTeX
\Gread@gobject=\count112
))
\Gin@req@height=\dimen118
\Gin@req@width=\dimen119
)
(E:\CTEX\MiKTeX\tex\latex\xcolor\xcolor.sty
Package: xcolor 2007/01/21 v2.11 LaTeX color extensions (UK)

(E:\CTEX\MiKTeX\tex\latex\00miktex\color.cfg
File: color.cfg 2007/01/18 v1.5 color configuration of teTeX/TeXLive
)
Package xcolor Info: Driver file: pdftex.def on input line 225.
Package xcolor Info: Model `cmy' substituted by `cmy0' on input line 1337.
Package xcolor Info: Model `hsb' substituted by `rgb' on input line 1341.
Package xcolor Info: Model `RGB' extended on input line 1353.
Package xcolor Info: Model `HTML' substituted by `rgb' on input line 1355.
Package xcolor Info: Model `Hsb' substituted by `hsb' on input line 1356.
Package xcolor Info: Model `tHsb' substituted by `hsb' on input line 1357.
Package xcolor Info: Model `HSB' substituted by `hsb' on input line 1358.
Package xcolor Info: Model `Gray' substituted by `gray' on input line 1359.
Package xcolor Info: Model `wave' substituted by `hsb' on input line 1360.
)
(E:\CTEX\MiKTeX\tex\latex\geometry\geometry.sty
Package: geometry 2010/09/12 v5.6 Page Geometry
\Gm@cnth=\count113
\Gm@cntv=\count114
\c@Gm@tempcnt=\count115
\Gm@bindingoffset=\dimen120
\Gm@wd@mp=\dimen121
\Gm@odd@mp=\dimen122
\Gm@even@mp=\dimen123
\Gm@layoutwidth=\dimen124
\Gm@layoutheight=\dimen125
\Gm@layouthoffset=\dimen126
\Gm@layoutvoffset=\dimen127
\Gm@dimlist=\toks28

(E:\CTEX\MiKTeX\tex\latex\geometry\geometry.cfg))
(E:\CTEX\MiKTeX\tex\latex\ncctools\manyfoot.sty
Package: manyfoot 2005/09/11 v1.10 Many Footnote Levels Package (NCC)

(E:\CTEX\MiKTeX\tex\latex\ncctools\nccfoots.sty
Package: nccfoots 2005/02/03 v1.2 NCC Footnotes Package (NCC)
)
\MFL@columnwidth=\dimen128
)
\footinscopyrightpermission=\insert232
\c@footnotecopyrightpermission=\count116


Class acmart Warning: You do not have zi4 package installed. Please upgrade you
r TeX on input line 533.


Class acmart Warning: You do not have newtxmath package installed. Please upgra
de your TeX on input line 536.

(E:\CTEX\MiKTeX\tex\latex\base\textcomp.sty
Package: textcomp 2005/09/27 v1.99g Standard LaTeX package
Package textcomp Info: Sub-encoding information:
(textcomp)               5 = only ISO-Adobe without \textcurrency
(textcomp)               4 = 5 + \texteuro
(textcomp)               3 = 4 + \textohm
(textcomp)               2 = 3 + \textestimated + \textcurrency
(textcomp)               1 = TS1 - \textcircled - \t
(textcomp)               0 = TS1 (full)
(textcomp)             Font families with sub-encoding setting implement
(textcomp)             only a restricted character set as indicated.
(textcomp)             Family '?' is the default used for unknown fonts.
(textcomp)             See the documentation for details.
Package textcomp Info: Setting ? sub-encoding to TS1/1 on input line 71.

(E:\CTEX\MiKTeX\tex\latex\base\ts1enc.def
File: ts1enc.def 2001/06/05 v3.0e (jk/car/fm) Standard LaTeX file
)
LaTeX Info: Redefining \oldstylenums on input line 266.
Package textcomp Info: Setting cmr sub-encoding to TS1/0 on input line 281.
Package textcomp Info: Setting cmss sub-encoding to TS1/0 on input line 282.
Package textcomp Info: Setting cmtt sub-encoding to TS1/0 on input line 283.
Package textcomp Info: Setting cmvtt sub-encoding to TS1/0 on input line 284.
Package textcomp Info: Setting cmbr sub-encoding to TS1/0 on input line 285.
Package textcomp Info: Setting cmtl sub-encoding to TS1/0 on input line 286.
Package textcomp Info: Setting ccr sub-encoding to TS1/0 on input line 287.
Package textcomp Info: Setting ptm sub-encoding to TS1/4 on input line 288.
Package textcomp Info: Setting pcr sub-encoding to TS1/4 on input line 289.
Package textcomp Info: Setting phv sub-encoding to TS1/4 on input line 290.
Package textcomp Info: Setting ppl sub-encoding to TS1/3 on input line 291.
Package textcomp Info: Setting pag sub-encoding to TS1/4 on input line 292.
Package textcomp Info: Setting pbk sub-encoding to TS1/4 on input line 293.
Package textcomp Info: Setting pnc sub-encoding to TS1/4 on input line 294.
Package textcomp Info: Setting pzc sub-encoding to TS1/4 on input line 295.
Package textcomp Info: Setting bch sub-encoding to TS1/4 on input line 296.
Package textcomp Info: Setting put sub-encoding to TS1/5 on input line 297.
Package textcomp Info: Setting uag sub-encoding to TS1/5 on input line 298.
Package textcomp Info: Setting ugq sub-encoding to TS1/5 on input line 299.
Package textcomp Info: Setting ul8 sub-encoding to TS1/4 on input line 300.
Package textcomp Info: Setting ul9 sub-encoding to TS1/4 on input line 301.
Package textcomp Info: Setting augie sub-encoding to TS1/5 on input line 302.
Package textcomp Info: Setting dayrom sub-encoding to TS1/3 on input line 303.
Package textcomp Info: Setting dayroms sub-encoding to TS1/3 on input line 304.

Package textcomp Info: Setting pxr sub-encoding to TS1/0 on input line 305.
Package textcomp Info: Setting pxss sub-encoding to TS1/0 on input line 306.
Package textcomp Info: Setting pxtt sub-encoding to TS1/0 on input line 307.
Package textcomp Info: Setting txr sub-encoding to TS1/0 on input line 308.
Package textcomp Info: Setting txss sub-encoding to TS1/0 on input line 309.
Package textcomp Info: Setting txtt sub-encoding to TS1/0 on input line 310.
Package textcomp Info: Setting lmr sub-encoding to TS1/0 on input line 311.
Package textcomp Info: Setting lmdh sub-encoding to TS1/0 on input line 312.
Package textcomp Info: Setting lmss sub-encoding to TS1/0 on input line 313.
Package textcomp Info: Setting lmssq sub-encoding to TS1/0 on input line 314.
Package textcomp Info: Setting lmvtt sub-encoding to TS1/0 on input line 315.
Package textcomp Info: Setting qhv sub-encoding to TS1/0 on input line 316.
Package textcomp Info: Setting qag sub-encoding to TS1/0 on input line 317.
Package textcomp Info: Setting qbk sub-encoding to TS1/0 on input line 318.
Package textcomp Info: Setting qcr sub-encoding to TS1/0 on input line 319.
Package textcomp Info: Setting qcs sub-encoding to TS1/0 on input line 320.
Package textcomp Info: Setting qpl sub-encoding to TS1/0 on input line 321.
Package textcomp Info: Setting qtm sub-encoding to TS1/0 on input line 322.
Package textcomp Info: Setting qzc sub-encoding to TS1/0 on input line 323.
Package textcomp Info: Setting qhvc sub-encoding to TS1/0 on input line 324.
Package textcomp Info: Setting futs sub-encoding to TS1/4 on input line 325.
Package textcomp Info: Setting futx sub-encoding to TS1/4 on input line 326.
Package textcomp Info: Setting futj sub-encoding to TS1/4 on input line 327.
Package textcomp Info: Setting hlh sub-encoding to TS1/3 on input line 328.
Package textcomp Info: Setting hls sub-encoding to TS1/3 on input line 329.
Package textcomp Info: Setting hlst sub-encoding to TS1/3 on input line 330.
Package textcomp Info: Setting hlct sub-encoding to TS1/5 on input line 331.
Package textcomp Info: Setting hlx sub-encoding to TS1/5 on input line 332.
Package textcomp Info: Setting hlce sub-encoding to TS1/5 on input line 333.
Package textcomp Info: Setting hlcn sub-encoding to TS1/5 on input line 334.
Package textcomp Info: Setting hlcw sub-encoding to TS1/5 on input line 335.
Package textcomp Info: Setting hlcf sub-encoding to TS1/5 on input line 336.
Package textcomp Info: Setting pplx sub-encoding to TS1/3 on input line 337.
Package textcomp Info: Setting pplj sub-encoding to TS1/3 on input line 338.
Package textcomp Info: Setting ptmx sub-encoding to TS1/4 on input line 339.
Package textcomp Info: Setting ptmj sub-encoding to TS1/4 on input line 340.
)
(E:\CTEX\MiKTeX\tex\latex\caption\caption.sty
Package: caption 2011/11/10 v3.2e Customizing captions (AR)

(E:\CTEX\MiKTeX\tex\latex\caption\caption3.sty
Package: caption3 2011/11/01 v1.4a caption3 kernel (AR)
\captionmargin=\dimen129
\captionmargin@=\dimen130
\captionwidth=\dimen131
\caption@indent=\dimen132
\caption@parindent=\dimen133
\caption@hangindent=\dimen134
)
Package caption Info: AMS or SMF document class.
\c@ContinuedFloat=\count117
Package caption Info: hyperref package is loaded.
)
(E:\CTEX\MiKTeX\tex\latex\float\float.sty
Package: float 2001/11/08 v1.3d Float enhancements (AL)
\c@float@type=\count118
\float@exts=\toks29
\float@box=\box29
\@float@everytoks=\toks30
\@floatcapt=\box30
)
\@float@every@sidebar=\toks31
\c@sidebar=\count119
\fulltextwidth=\dimen135
\num@authorgroups=\count120
\@ACM@badge@width=\skip55
\@ACM@title@width=\skip56
\@ACM@badge@skip=\skip57
Class acmart Info: Printing CSS on input line 1042.
Class acmart Info: Printing bibformat on input line 1042.
Class acmart Info: Suppressing folios on input line 1049.

(E:\CTEX\MiKTeX\tex\latex\comment\comment.sty
\CommentStream=\write3
 Excluding comment 'comment')
Excluding comment 'CCSXML'
\mktitle@bx=\box31
\@ACM@commabox=\box32
\author@bx=\box33
\author@bx@wd=\dimen136
\author@bx@sep=\skip58
 (E:\CTEX\MiKTeX\tex\latex\fancyhdr\fancyhdr.sty
\fancy@headwidth=\skip59
\f@ncyO@elh=\skip60
\f@ncyO@erh=\skip61
\f@ncyO@olh=\skip62
\f@ncyO@orh=\skip63
\f@ncyO@elf=\skip64
\f@ncyO@erf=\skip65
\f@ncyO@olf=\skip66
\f@ncyO@orf=\skip67
)
\@folio@wd=\dimen137
\@folio@ht=\dimen138
\@folio@voffset=\dimen139
\c@theorem=\count121

Special comment 'acks' Excluding comment 'screenonly'
Include comment 'printonly' Include comment 'anonsuppress')
(E:\CTEX\MiKTeX\tex\latex\booktabs\booktabs.sty
Package: booktabs 2005/04/14 v1.61803 publication quality tables
\heavyrulewidth=\dimen140
\lightrulewidth=\dimen141
\cmidrulewidth=\dimen142
\belowrulesep=\dimen143
\belowbottomsep=\dimen144
\aboverulesep=\dimen145
\abovetopsep=\dimen146
\cmidrulesep=\dimen147
\cmidrulekern=\dimen148
\defaultaddspace=\dimen149
\@cmidla=\count122
\@cmidlb=\count123
\@aboverulesep=\dimen150
\@belowrulesep=\dimen151
\@thisruleclass=\count124
\@lastruleclass=\count125
\@thisrulewidth=\dimen152
)
(E:\CTEX\MiKTeX\tex\latex\algorithm2e\algorithm2e.sty
Package: algorithm2e 2008/00/00 v3.10 algorithms environments
\c@AlgoLine=\count126

(E:\CTEX\MiKTeX\tex\latex\base\ifthen.sty
Package: ifthen 2001/05/26 v1.1c Standard LaTeX ifthen package (DPC)
)
(E:\CTEX\MiKTeX\tex\latex\tools\xspace.sty
Package: xspace 2009/10/20 v1.13 Space after command names (DPC,MH)
)
(E:\CTEX\MiKTeX\tex\latex\ltxmisc\relsize.sty
Package: relsize 2003/07/04 ver 3.1


Package relsize Warning: Failed to get list of font sizes.
(relsize)                Falling back to old definition. on input line 81.

LaTeX Info: Redefining \larger on input line 218.
LaTeX Info: Redefining \smaller on input line 219.
)
********************************************************
Package `algorithm2e' Release 4.01 -- december 14 2009 --
- algorithm2e-announce@lirmm.fr mailing list for announcement about releases
- algorithm2e-discussion@lirmm.fr mailing list for discussion about package
subscribe by emailing sympa@lirmm.fr with 'subscribe <list> <firstname name>'
- Author: Christophe Fiorio (fiorio@lirmm.fr)
********************************************************
\skiptotal=\skip68
\skiplinenumber=\skip69
\skiprule=\skip70
\skiphlne=\skip71
\skiptext=\skip72
\skiplength=\skip73
\algomargin=\skip74
\skipalgocfslide=\skip75
\algowidth=\dimen153
\inoutsize=\dimen154
\inoutline=\dimen155
\interspacetitleruled=\dimen156
\interspacealgoruled=\dimen157
\interspacetitleboxruled=\dimen158
\algocf@inoutbox=\box34
\algocf@inputbox=\box35
\AlCapSkip=\skip76
\AlCapHSkip=\skip77
\algocf@nlbox=\box36
\algocf@hangingbox=\box37
\algocf@capbox=\box38
\algoheightruledefault=\skip78
\algoheightrule=\skip79
\algotitleheightruledefault=\skip80
\algotitleheightrule=\skip81
\c@algocfline=\count127
\c@algocfproc=\count128
\c@algocf=\count129
\algocf@algoframe=\box39
\algocf@algobox=\box40
) (E:\CTEX\MiKTeX\tex\latex\subfigure\subfigure.sty
Package: subfigure 2002/07/30 v2.1.4 subfigure package
\subfigtopskip=\skip82
\subfigcapskip=\skip83
\subfigcaptopadj=\dimen159
\subfigbottomskip=\skip84
\subfigcapmargin=\dimen160
\subfiglabelskip=\skip85
\c@subfigure=\count130
\c@lofdepth=\count131
\c@subtable=\count132
\c@lotdepth=\count133

****************************************
* Local config file subfigure.cfg used *
****************************************
(E:\CTEX\MiKTeX\tex\latex\subfigure\subfigure.cfg)
\subfig@top=\skip86
\subfig@bottom=\skip87
)
(E:\CTEX\MiKTeX\tex\latex\oberdiek\epstopdf.sty
Package: epstopdf 2010/02/09 v2.5 Conversion with epstopdf on the fly (HO)

(E:\CTEX\MiKTeX\tex\latex\oberdiek\epstopdf-base.sty
Package: epstopdf-base 2010/02/09 v2.5 Base part for package epstopdf

(E:\CTEX\MiKTeX\tex\latex\oberdiek\grfext.sty
Package: grfext 2010/08/19 v1.1 Managing graphics extensions (HO)
)
Package grfext Info: Graphics extension search list:
(grfext)             [.png,.pdf,.jpg,.mps,.jpeg,.jbig2,.jb2,.PNG,.PDF,.JPG,.JPE
G,.JBIG2,.JB2,.eps]
(grfext)             \AppendGraphicsExtensions on input line 452.
))
(E:\CTEX\MiKTeX\tex\latex\multirow\multirow.sty
\bigstrutjot=\dimen161
)
(E:\CTEX\MiKTeX\tex\latex\colortbl\colortbl.sty
Package: colortbl 2001/02/13 v0.1j Color table columns (DPC)

(E:\CTEX\MiKTeX\tex\latex\tools\array.sty
Package: array 2008/09/09 v2.4c Tabular extension package (FMi)
\col@sep=\dimen162
\extrarowheight=\dimen163
\NC@list=\toks32
\extratabsurround=\skip88
\backup@length=\skip89
)
\everycr=\toks33
\minrowclearance=\skip90
)

LaTeX Warning: Unused global option(s):
    [sigconf].

(C:\Users\Administrator\Desktop\0MissingNotAtRandom-master\LaTeX1.aux

LaTeX Warning: Label `equ:preferencebase' multiply defined.

)
LaTeX Font Info:    Checking defaults for OML/cmm/m/it on input line 27.
LaTeX Font Info:    ... okay on input line 27.
LaTeX Font Info:    Checking defaults for T1/cmr/m/n on input line 27.
LaTeX Font Info:    ... okay on input line 27.
LaTeX Font Info:    Checking defaults for OT1/cmr/m/n on input line 27.
LaTeX Font Info:    ... okay on input line 27.
LaTeX Font Info:    Checking defaults for OMS/cmsy/m/n on input line 27.
LaTeX Font Info:    ... okay on input line 27.
LaTeX Font Info:    Checking defaults for OMX/cmex/m/n on input line 27.
LaTeX Font Info:    ... okay on input line 27.
LaTeX Font Info:    Checking defaults for U/cmr/m/n on input line 27.
LaTeX Font Info:    ... okay on input line 27.
LaTeX Font Info:    Checking defaults for PD1/pdf/m/n on input line 27.
LaTeX Font Info:    ... okay on input line 27.
LaTeX Font Info:    Checking defaults for TS1/cmr/m/n on input line 27.
LaTeX Font Info:    Try loading font information for TS1+cmr on input line 27.
 (E:\CTEX\MiKTeX\tex\latex\base\ts1cmr.fd
File: ts1cmr.fd 1999/05/25 v2.5h Standard LaTeX font definitions
)
LaTeX Font Info:    ... okay on input line 27.
LaTeX Font Info:    Try loading font information for U+msa on input line 27.

(E:\CTEX\MiKTeX\tex\latex\amsfonts\umsa.fd
File: umsa.fd 2009/06/22 v3.00 AMS symbols A
)
LaTeX Font Info:    Try loading font information for U+msb on input line 27.

(E:\CTEX\MiKTeX\tex\latex\amsfonts\umsb.fd
File: umsb.fd 2009/06/22 v3.00 AMS symbols B
)
LaTeX Info: Redefining \microtypecontext on input line 27.
Package microtype Info: Generating PDF output.
Package microtype Info: Character protrusion enabled (level 2).
Package microtype Info: Using default protrusion set `alltext'.
Package microtype Info: Automatic font expansion enabled (level 2),
(microtype)             stretch: 20, shrink: 20, step: 1, non-selected.
Package microtype Info: Using default expansion set `basictext'.
Package microtype Info: No tracking.
Package microtype Info: No adjustment of interword spacing.
Package microtype Info: No adjustment of character kerning.

(E:\CTEX\MiKTeX\tex\latex\microtype\mt-cmr.cfg
File: mt-cmr.cfg 2009/11/09 v2.0 microtype config. file: Computer Modern Roman 
(RS)
)
ABD: EveryShipout initializing macros
\AtBeginShipoutBox=\box41
Package hyperref Info: Link coloring OFF on input line 27.

(E:\CTEX\MiKTeX\tex\latex\hyperref\nameref.sty
Package: nameref 2010/04/30 v2.40 Cross-referencing by name of section

(E:\CTEX\MiKTeX\tex\generic\oberdiek\gettitlestring.sty
Package: gettitlestring 2010/12/03 v1.4 Cleanup title references (HO)
)
\c@section@level=\count134
)
LaTeX Info: Redefining \ref on input line 27.
LaTeX Info: Redefining \pageref on input line 27.
LaTeX Info: Redefining \nameref on input line 27.

(C:\Users\Administrator\Desktop\0MissingNotAtRandom-master\LaTeX1.out)
(C:\Users\Administrator\Desktop\0MissingNotAtRandom-master\LaTeX1.out)
\@outlinefile=\write4

(E:\CTEX\MiKTeX\tex\context\base\supp-pdf.mkii
[Loading MPS to PDF converter (version 2006.09.02).]
\scratchcounter=\count135
\scratchdimen=\dimen164
\scratchbox=\box42
\nofMPsegments=\count136
\nofMParguments=\count137
\everyMPshowfont=\toks34
\MPscratchCnt=\count138
\MPscratchDim=\dimen165
\MPnumerator=\count139
\makeMPintoPDFobject=\count140
\everyMPtoPDFconversion=\toks35
)
*geometry* driver: auto-detecting
*geometry* detected driver: pdftex
*geometry* verbose mode - [ preamble ] result:
* driver: pdftex
* paper: custom
* layout: <same size as paper>
* layoutoffset:(h,v)=(0.0pt,0.0pt)
* modes: includehead includefoot twoside 
* h-part:(L,W,R)=(54.0pt, 506.295pt, 54.0pt)
* v-part:(T,H,B)=(57.0pt, 664.96999pt, 73.0pt)
* \paperwidth=614.295pt
* \paperheight=794.96999pt
* \textwidth=506.295pt
* \textheight=626.96999pt
* \oddsidemargin=-18.26999pt
* \evensidemargin=-18.26999pt
* \topmargin=-15.26999pt
* \headheight=12.0pt
* \headsep=14.0pt
* \topskip=10.0pt
* \footskip=12.0pt
* \marginparwidth=90.0pt
* \marginparsep=11.0pt
* \columnsep=24.0pt
* \skip\footins=7.0pt plus 11.0pt
* \hoffset=0.0pt
* \voffset=0.0pt
* \mag=1000
* \@twocolumnfalse
* \@twosidetrue
* \@mparswitchtrue
* \@reversemarginfalse
* (1in=72.27pt=25.4mm, 1cm=28.453pt)

Package caption Info: Begin \AtBeginDocument code.
Package caption Info: float package is loaded.
Package caption Info: subfigure package is loaded.
Package caption Info: End \AtBeginDocument code.
(E:\CTEX\MiKTeX\tex\latex\microtype\mt-msa.cfg
File: mt-msa.cfg 2006/02/04 v1.1 microtype config. file: AMS symbols (a) (RS)
)
(E:\CTEX\MiKTeX\tex\latex\microtype\mt-msb.cfg
File: mt-msb.cfg 2005/06/01 v1.0 microtype config. file: AMS symbols (b) (RS)
)
Underfull \vbox (badness 10000) has occurred while \output is active []

 [1.1{E:/CTEX/UserData/pdftex/config/pdftex.map{Unicode.sfd}{UGBK.sfd}}

]
Underfull \vbox (badness 10000) has occurred while \output is active []

 [2.2]
Package epstopdf Info: Source file: <fig_2a.eps>
(epstopdf)                    date: 2017-05-21 10:46:36
(epstopdf)                    size: 18761 bytes
(epstopdf)             Output file: <fig_2a-eps-converted-to.pdf>
(epstopdf)                    date: 2017-05-21 16:00:22
(epstopdf)                    size: 5192 bytes
(epstopdf)             Command: <epstopdf --outfile=fig_2a-eps-converted-to.pdf
 fig_2a.eps>
(epstopdf)             \includegraphics on input line 138.
Package epstopdf Info: Output file is already uptodate.

<fig_2a-eps-converted-to.pdf, id=181, 421.575pt x 316.18124pt>
File: fig_2a-eps-converted-to.pdf Graphic file (type pdf)

<use fig_2a-eps-converted-to.pdf>
Package pdftex.def Info: fig_2a-eps-converted-to.pdf used on input line 138.
(pdftex.def)             Requested size: 101.25745pt x 75.94293pt.
Package epstopdf Info: Source file: <fig_2b.eps>
(epstopdf)                    date: 2017-05-21 12:12:04
(epstopdf)                    size: 40719 bytes
(epstopdf)             Output file: <fig_2b-eps-converted-to.pdf>
(epstopdf)                    date: 2017-05-21 16:00:23
(epstopdf)                    size: 13432 bytes
(epstopdf)             Command: <epstopdf --outfile=fig_2b-eps-converted-to.pdf
 fig_2b.eps>
(epstopdf)             \includegraphics on input line 140.
Package epstopdf Info: Output file is already uptodate.

<fig_2b-eps-converted-to.pdf, id=182, 421.575pt x 316.18124pt>
File: fig_2b-eps-converted-to.pdf Graphic file (type pdf)

<use fig_2b-eps-converted-to.pdf>
Package pdftex.def Info: fig_2b-eps-converted-to.pdf used on input line 140.
(pdftex.def)             Requested size: 101.25745pt x 75.94293pt.
Package epstopdf Info: Source file: <fig_2c.eps>
(epstopdf)                    date: 2017-05-21 10:46:14
(epstopdf)                    size: 17902 bytes
(epstopdf)             Output file: <fig_2c-eps-converted-to.pdf>
(epstopdf)                    date: 2017-05-21 16:00:24
(epstopdf)                    size: 4895 bytes
(epstopdf)             Command: <epstopdf --outfile=fig_2c-eps-converted-to.pdf
 fig_2c.eps>
(epstopdf)             \includegraphics on input line 142.
Package epstopdf Info: Output file is already uptodate.

<fig_2c-eps-converted-to.pdf, id=183, 421.575pt x 316.18124pt>
File: fig_2c-eps-converted-to.pdf Graphic file (type pdf)

<use fig_2c-eps-converted-to.pdf>
Package pdftex.def Info: fig_2c-eps-converted-to.pdf used on input line 142.
(pdftex.def)             Requested size: 101.25745pt x 75.94293pt.
Package epstopdf Info: Source file: <fig_2d.eps>
(epstopdf)                    date: 2017-05-21 12:12:41
(epstopdf)                    size: 23085 bytes
(epstopdf)             Output file: <fig_2d-eps-converted-to.pdf>
(epstopdf)                    date: 2017-05-21 16:00:25
(epstopdf)                    size: 7344 bytes
(epstopdf)             Command: <epstopdf --outfile=fig_2d-eps-converted-to.pdf
 fig_2d.eps>
(epstopdf)             \includegraphics on input line 144.
Package epstopdf Info: Output file is already uptodate.

<fig_2d-eps-converted-to.pdf, id=184, 421.575pt x 316.18124pt>
File: fig_2d-eps-converted-to.pdf Graphic file (type pdf)

<use fig_2d-eps-converted-to.pdf>
Package pdftex.def Info: fig_2d-eps-converted-to.pdf used on input line 144.
(pdftex.def)             Requested size: 101.25745pt x 75.94293pt.

Underfull \vbox (badness 10000) has occurred while \output is active []

Package epstopdf Info: Source file: <fig_3a_1.eps>
(epstopdf)                    date: 2017-04-19 01:14:30
(epstopdf)                    size: 31331 bytes
(epstopdf)             Output file: <fig_3a_1-eps-converted-to.pdf>
(epstopdf)                    date: 2017-05-21 16:00:27
(epstopdf)                    size: 8428 bytes
(epstopdf)             Command: <epstopdf --outfile=fig_3a_1-eps-converted-to.p
df fig_3a_1.eps>
(epstopdf)             \includegraphics on input line 156.
Package epstopdf Info: Output file is already uptodate.

<fig_3a_1-eps-converted-to.pdf, id=185, 421.575pt x 316.18124pt>
File: fig_3a_1-eps-converted-to.pdf Graphic file (type pdf)

<use fig_3a_1-eps-converted-to.pdf>
Package pdftex.def Info: fig_3a_1-eps-converted-to.pdf used on input line 156.
(pdftex.def)             Requested size: 101.25745pt x 75.94293pt.
Package epstopdf Info: Source file: <fig_3a_2.eps>
(epstopdf)                    date: 2017-04-19 01:17:23
(epstopdf)                    size: 52761 bytes
(epstopdf)             Output file: <fig_3a_2-eps-converted-to.pdf>
(epstopdf)                    date: 2017-05-21 16:00:28
(epstopdf)                    size: 11020 bytes
(epstopdf)             Command: <epstopdf --outfile=fig_3a_2-eps-converted-to.p
df fig_3a_2.eps>
(epstopdf)             \includegraphics on input line 159.
Package epstopdf Info: Output file is already uptodate.

<fig_3a_2-eps-converted-to.pdf, id=186, 421.575pt x 316.18124pt>
File: fig_3a_2-eps-converted-to.pdf Graphic file (type pdf)

<use fig_3a_2-eps-converted-to.pdf>
Package pdftex.def Info: fig_3a_2-eps-converted-to.pdf used on input line 159.
(pdftex.def)             Requested size: 101.25745pt x 75.94293pt.
Package epstopdf Info: Source file: <fig_3b_1.eps>
(epstopdf)                    date: 2017-04-19 01:27:43
(epstopdf)                    size: 31369 bytes
(epstopdf)             Output file: <fig_3b_1-eps-converted-to.pdf>
(epstopdf)                    date: 2017-05-21 16:00:29
(epstopdf)                    size: 8349 bytes
(epstopdf)             Command: <epstopdf --outfile=fig_3b_1-eps-converted-to.p
df fig_3b_1.eps>
(epstopdf)             \includegraphics on input line 162.
Package epstopdf Info: Output file is already uptodate.

<fig_3b_1-eps-converted-to.pdf, id=187, 421.575pt x 316.18124pt>
File: fig_3b_1-eps-converted-to.pdf Graphic file (type pdf)

<use fig_3b_1-eps-converted-to.pdf>
Package pdftex.def Info: fig_3b_1-eps-converted-to.pdf used on input line 162.
(pdftex.def)             Requested size: 101.25745pt x 75.94293pt.
Package epstopdf Info: Source file: <fig_3b_2.eps>
(epstopdf)                    date: 2017-04-19 01:28:00
(epstopdf)                    size: 27609 bytes
(epstopdf)             Output file: <fig_3b_2-eps-converted-to.pdf>
(epstopdf)                    date: 2017-05-21 16:00:30
(epstopdf)                    size: 7746 bytes
(epstopdf)             Command: <epstopdf --outfile=fig_3b_2-eps-converted-to.p
df fig_3b_2.eps>
(epstopdf)             \includegraphics on input line 165.
Package epstopdf Info: Output file is already uptodate.

<fig_3b_2-eps-converted-to.pdf, id=188, 421.575pt x 316.18124pt>
File: fig_3b_2-eps-converted-to.pdf Graphic file (type pdf)

<use fig_3b_2-eps-converted-to.pdf>
Package pdftex.def Info: fig_3b_2-eps-converted-to.pdf used on input line 165.
(pdftex.def)             Requested size: 101.25745pt x 75.94293pt.

Overfull \hbox (7.06633pt too wide) in paragraph at lines 171--172
\OT1/cmr/m/n/9 (-20) group of user-s who hold d-if-fer-en-t rat-ings with $\OML
/cmm/m/it/9 d > []$\OT1/cmr/m/n/9 (-20) ,
 []

[3.3 <C:/Users/Administrator/Desktop/0MissingNotAtRandom-master/fig_2a-eps-conv
erted-to.pdf> <C:/Users/Administrator/Desktop/0MissingNotAtRandom-master/fig_2b
-eps-converted-to.pdf> <C:/Users/Administrator/Desktop/0MissingNotAtRandom-mast
er/fig_2c-eps-converted-to.pdf> <C:/Users/Administrator/Desktop/0MissingNotAtRa
ndom-master/fig_2d-eps-converted-to.pdf>]
Package epstopdf Info: Source file: <fig_4a.eps>
(epstopdf)                    date: 2017-05-23 13:15:50
(epstopdf)                    size: 15602 bytes
(epstopdf)             Output file: <fig_4a-eps-converted-to.pdf>
(epstopdf)                    date: 2017-05-23 14:52:38
(epstopdf)                    size: 4447 bytes
(epstopdf)             Command: <epstopdf --outfile=fig_4a-eps-converted-to.pdf
 fig_4a.eps>
(epstopdf)             \includegraphics on input line 178.
Package epstopdf Info: Output file is already uptodate.

<fig_4a-eps-converted-to.pdf, id=217, 421.575pt x 316.18124pt>
File: fig_4a-eps-converted-to.pdf Graphic file (type pdf)

<use fig_4a-eps-converted-to.pdf>
Package pdftex.def Info: fig_4a-eps-converted-to.pdf used on input line 178.
(pdftex.def)             Requested size: 101.25745pt x 75.94293pt.
Package epstopdf Info: Source file: <fig_4b.eps>
(epstopdf)                    date: 2017-05-23 13:15:17
(epstopdf)                    size: 15053 bytes
(epstopdf)             Output file: <fig_4b-eps-converted-to.pdf>
(epstopdf)                    date: 2017-05-23 14:52:39
(epstopdf)                    size: 4411 bytes
(epstopdf)             Command: <epstopdf --outfile=fig_4b-eps-converted-to.pdf
 fig_4b.eps>
(epstopdf)             \includegraphics on input line 181.
Package epstopdf Info: Output file is already uptodate.

<fig_4b-eps-converted-to.pdf, id=218, 421.575pt x 316.18124pt>
File: fig_4b-eps-converted-to.pdf Graphic file (type pdf)

<use fig_4b-eps-converted-to.pdf>
Package pdftex.def Info: fig_4b-eps-converted-to.pdf used on input line 181.
(pdftex.def)             Requested size: 101.25745pt x 75.94293pt.
Package epstopdf Info: Source file: <fig_5a.eps>
(epstopdf)                    date: 2017-05-23 14:05:35
(epstopdf)                    size: 18698 bytes
(epstopdf)             Output file: <fig_5a-eps-converted-to.pdf>
(epstopdf)                    date: 2017-05-23 14:52:40
(epstopdf)                    size: 5850 bytes
(epstopdf)             Command: <epstopdf --outfile=fig_5a-eps-converted-to.pdf
 fig_5a.eps>
(epstopdf)             \includegraphics on input line 194.
Package epstopdf Info: Output file is already uptodate.

<fig_5a-eps-converted-to.pdf, id=220, 421.575pt x 316.18124pt>
File: fig_5a-eps-converted-to.pdf Graphic file (type pdf)

<use fig_5a-eps-converted-to.pdf>
Package pdftex.def Info: fig_5a-eps-converted-to.pdf used on input line 194.
(pdftex.def)             Requested size: 101.25745pt x 75.94293pt.
Package epstopdf Info: Source file: <fig_5b.eps>
(epstopdf)                    date: 2017-05-23 13:57:49
(epstopdf)                    size: 18964 bytes
(epstopdf)             Output file: <fig_5b-eps-converted-to.pdf>
(epstopdf)                    date: 2017-05-23 14:52:40
(epstopdf)                    size: 5776 bytes
(epstopdf)             Command: <epstopdf --outfile=fig_5b-eps-converted-to.pdf
 fig_5b.eps>
(epstopdf)             \includegraphics on input line 196.
Package epstopdf Info: Output file is already uptodate.

<fig_5b-eps-converted-to.pdf, id=221, 421.575pt x 316.18124pt>
File: fig_5b-eps-converted-to.pdf Graphic file (type pdf)

<use fig_5b-eps-converted-to.pdf>
Package pdftex.def Info: fig_5b-eps-converted-to.pdf used on input line 196.
(pdftex.def)             Requested size: 101.25745pt x 75.94293pt.
Package epstopdf Info: Source file: <fig_6a.eps>
(epstopdf)                    date: 2017-05-23 14:34:11
(epstopdf)                    size: 18992 bytes
(epstopdf)             Output file: <fig_6a-eps-converted-to.pdf>
(epstopdf)                    date: 2017-05-23 14:52:41
(epstopdf)                    size: 5804 bytes
(epstopdf)             Command: <epstopdf --outfile=fig_6a-eps-converted-to.pdf
 fig_6a.eps>
(epstopdf)             \includegraphics on input line 207.
Package epstopdf Info: Output file is already uptodate.

<fig_6a-eps-converted-to.pdf, id=222, 421.575pt x 316.18124pt>
File: fig_6a-eps-converted-to.pdf Graphic file (type pdf)

<use fig_6a-eps-converted-to.pdf>
Package pdftex.def Info: fig_6a-eps-converted-to.pdf used on input line 207.
(pdftex.def)             Requested size: 101.25745pt x 75.94293pt.
Package epstopdf Info: Source file: <fig_6b.eps>
(epstopdf)                    date: 2017-05-23 14:33:29
(epstopdf)                    size: 19249 bytes
(epstopdf)             Output file: <fig_6b-eps-converted-to.pdf>
(epstopdf)                    date: 2017-05-23 14:52:42
(epstopdf)                    size: 5879 bytes
(epstopdf)             Command: <epstopdf --outfile=fig_6b-eps-converted-to.pdf
 fig_6b.eps>
(epstopdf)             \includegraphics on input line 210.
Package epstopdf Info: Output file is already uptodate.

<fig_6b-eps-converted-to.pdf, id=223, 421.575pt x 316.18124pt>
File: fig_6b-eps-converted-to.pdf Graphic file (type pdf)

<use fig_6b-eps-converted-to.pdf>
Package pdftex.def Info: fig_6b-eps-converted-to.pdf used on input line 210.
(pdftex.def)             Requested size: 101.25745pt x 75.94293pt.
 [4.4 <C:/Users/Administrator/Desktop/0MissingNotAtRandom-master/fig_3a_1-eps-c
onverted-to.pdf> <C:/Users/Administrator/Desktop/0MissingNotAtRandom-master/fig
_3a_2-eps-converted-to.pdf> <C:/Users/Administrator/Desktop/0MissingNotAtRandom
-master/fig_3b_1-eps-converted-to.pdf> <C:/Users/Administrator/Desktop/0Missing
NotAtRandom-master/fig_3b_2-eps-converted-to.pdf> <C:/Users/Administrator/Deskt
op/0MissingNotAtRandom-master/fig_4a-eps-converted-to.pdf> <C:/Users/Administra
tor/Desktop/0MissingNotAtRandom-master/fig_4b-eps-converted-to.pdf> <C:/Users/A
dministrator/Desktop/0MissingNotAtRandom-master/fig_5a-eps-converted-to.pdf> <C
:/Users/Administrator/Desktop/0MissingNotAtRandom-master/fig_5b-eps-converted-t
o.pdf>]
Overfull \hbox (9.91435pt too wide) in paragraph at lines 241--248
 [][] 
 []

Package epstopdf Info: Source file: <fig_7a.eps>
(epstopdf)                    date: 2017-05-23 14:37:59
(epstopdf)                    size: 141734 bytes
(epstopdf)             Output file: <fig_7a-eps-converted-to.pdf>
(epstopdf)                    date: 2017-05-23 14:52:42
(epstopdf)                    size: 5342 bytes
(epstopdf)             Command: <epstopdf --outfile=fig_7a-eps-converted-to.pdf
 fig_7a.eps>
(epstopdf)             \includegraphics on input line 257.
Package epstopdf Info: Output file is already uptodate.
<fig_7a-eps-converted-to.pdf, id=276, 421.575pt x 316.18124pt>
File: fig_7a-eps-converted-to.pdf Graphic file (type pdf)

<use fig_7a-eps-converted-to.pdf>
Package pdftex.def Info: fig_7a-eps-converted-to.pdf used on input line 257.
(pdftex.def)             Requested size: 101.25745pt x 75.94293pt.
Package epstopdf Info: Source file: <fig_7b.eps>
(epstopdf)                    date: 2017-05-23 14:37:32
(epstopdf)                    size: 20353 bytes
(epstopdf)             Output file: <fig_7b-eps-converted-to.pdf>
(epstopdf)                    date: 2017-05-23 14:52:43
(epstopdf)                    size: 4011 bytes
(epstopdf)             Command: <epstopdf --outfile=fig_7b-eps-converted-to.pdf
 fig_7b.eps>
(epstopdf)             \includegraphics on input line 260.
Package epstopdf Info: Output file is already uptodate.

<fig_7b-eps-converted-to.pdf, id=277, 421.575pt x 316.18124pt>
File: fig_7b-eps-converted-to.pdf Graphic file (type pdf)

<use fig_7b-eps-converted-to.pdf>
Package pdftex.def Info: fig_7b-eps-converted-to.pdf used on input line 260.
(pdftex.def)             Requested size: 101.25745pt x 75.94293pt.
Package epstopdf Info: Source file: <fig_7c.eps>
(epstopdf)                    date: 2017-05-23 14:37:04
(epstopdf)                    size: 18242 bytes
(epstopdf)             Output file: <fig_7c-eps-converted-to.pdf>
(epstopdf)                    date: 2017-05-23 14:52:44
(epstopdf)                    size: 3381 bytes
(epstopdf)             Command: <epstopdf --outfile=fig_7c-eps-converted-to.pdf
 fig_7c.eps>
(epstopdf)             \includegraphics on input line 263.
Package epstopdf Info: Output file is already uptodate.

<fig_7c-eps-converted-to.pdf, id=278, 421.575pt x 316.18124pt>
File: fig_7c-eps-converted-to.pdf Graphic file (type pdf)

<use fig_7c-eps-converted-to.pdf>
Package pdftex.def Info: fig_7c-eps-converted-to.pdf used on input line 263.
(pdftex.def)             Requested size: 101.25745pt x 75.94293pt.
Package epstopdf Info: Source file: <fig_7d.eps>
(epstopdf)                    date: 2017-05-23 14:36:31
(epstopdf)                    size: 20561 bytes
(epstopdf)             Output file: <fig_7d-eps-converted-to.pdf>
(epstopdf)                    date: 2017-05-23 14:52:45
(epstopdf)                    size: 3571 bytes
(epstopdf)             Command: <epstopdf --outfile=fig_7d-eps-converted-to.pdf
 fig_7d.eps>
(epstopdf)             \includegraphics on input line 266.
Package epstopdf Info: Output file is already uptodate.

<fig_7d-eps-converted-to.pdf, id=279, 421.575pt x 316.18124pt>
File: fig_7d-eps-converted-to.pdf Graphic file (type pdf)

<use fig_7d-eps-converted-to.pdf>
Package pdftex.def Info: fig_7d-eps-converted-to.pdf used on input line 266.
(pdftex.def)             Requested size: 101.25745pt x 75.94293pt.
Package epstopdf Info: Source file: <fig8_eachmovie_popular.eps>
(epstopdf)                    date: 2017-01-24 11:22:14
(epstopdf)                    size: 73033 bytes
(epstopdf)             Output file: <fig8_eachmovie_popular-eps-converted-to.pd
f>
(epstopdf)                    date: 2017-05-21 16:00:44
(epstopdf)                    size: 22023 bytes
(epstopdf)             Command: <epstopdf --outfile=fig8_eachmovie_popular-eps-
converted-to.pdf fig8_eachmovie_popular.eps>
(epstopdf)             \includegraphics on input line 277.
Package epstopdf Info: Output file is already uptodate.

<fig8_eachmovie_popular-eps-converted-to.pdf, id=282, 421.575pt x 316.18124pt>
File: fig8_eachmovie_popular-eps-converted-to.pdf Graphic file (type pdf)

<use fig8_eachmovie_popular-eps-converted-to.pdf>
Package pdftex.def Info: fig8_eachmovie_popular-eps-converted-to.pdf used on in
put line 277.
(pdftex.def)             Requested size: 101.25745pt x 75.94293pt.
 [5.5 <C:/Users/Administrator/Desktop/0MissingNotAtRandom-master/fig_6a-eps-con
verted-to.pdf> <C:/Users/Administrator/Desktop/0MissingNotAtRandom-master/fig_6
b-eps-converted-to.pdf> <C:/Users/Administrator/Desktop/0MissingNotAtRandom-mas
ter/fig_7a-eps-converted-to.pdf> <C:/Users/Administrator/Desktop/0MissingNotAtR
andom-master/fig_7b-eps-converted-to.pdf> <C:/Users/Administrator/Desktop/0Miss
ingNotAtRandom-master/fig_7c-eps-converted-to.pdf> <C:/Users/Administrator/Desk
top/0MissingNotAtRandom-master/fig_7d-eps-converted-to.pdf>]
Package epstopdf Info: Source file: <fig_9a.eps>
(epstopdf)                    date: 2017-05-23 14:42:14
(epstopdf)                    size: 124075 bytes
(epstopdf)             Output file: <fig_9a-eps-converted-to.pdf>
(epstopdf)                    date: 2017-05-23 14:52:45
(epstopdf)                    size: 15781 bytes
(epstopdf)             Command: <epstopdf --outfile=fig_9a-eps-converted-to.pdf
 fig_9a.eps>
(epstopdf)             \includegraphics on input line 290.
Package epstopdf Info: Output file is already uptodate.

<fig_9a-eps-converted-to.pdf, id=317, 421.575pt x 316.18124pt>
File: fig_9a-eps-converted-to.pdf Graphic file (type pdf)

<use fig_9a-eps-converted-to.pdf>
Package pdftex.def Info: fig_9a-eps-converted-to.pdf used on input line 290.
(pdftex.def)             Requested size: 101.25745pt x 75.94293pt.
Package epstopdf Info: Source file: <fig_9b.eps>
(epstopdf)                    date: 2017-05-23 14:41:52
(epstopdf)                    size: 127212 bytes
(epstopdf)             Output file: <fig_9b-eps-converted-to.pdf>
(epstopdf)                    date: 2017-05-23 14:52:46
(epstopdf)                    size: 14135 bytes
(epstopdf)             Command: <epstopdf --outfile=fig_9b-eps-converted-to.pdf
 fig_9b.eps>
(epstopdf)             \includegraphics on input line 293.
Package epstopdf Info: Output file is already uptodate.

<fig_9b-eps-converted-to.pdf, id=318, 421.575pt x 316.18124pt>
File: fig_9b-eps-converted-to.pdf Graphic file (type pdf)

<use fig_9b-eps-converted-to.pdf>
Package pdftex.def Info: fig_9b-eps-converted-to.pdf used on input line 293.
(pdftex.def)             Requested size: 101.25745pt x 75.94293pt.
Package epstopdf Info: Source file: <fig_10a.eps>
(epstopdf)                    date: 2017-05-23 13:13:13
(epstopdf)                    size: 145498 bytes
(epstopdf)             Output file: <fig_10a-eps-converted-to.pdf>
(epstopdf)                    date: 2017-05-23 14:52:47
(epstopdf)                    size: 6272 bytes
(epstopdf)             Command: <epstopdf --outfile=fig_10a-eps-converted-to.pd
f fig_10a.eps>
(epstopdf)             \includegraphics on input line 305.
Package epstopdf Info: Output file is already uptodate.

<fig_10a-eps-converted-to.pdf, id=321, 421.575pt x 316.18124pt>
File: fig_10a-eps-converted-to.pdf Graphic file (type pdf)

<use fig_10a-eps-converted-to.pdf>
Package pdftex.def Info: fig_10a-eps-converted-to.pdf used on input line 305.
(pdftex.def)             Requested size: 101.25745pt x 75.94293pt.
Package epstopdf Info: Source file: <fig_10b.eps>
(epstopdf)                    date: 2017-05-23 13:11:35
(epstopdf)                    size: 25623 bytes
(epstopdf)             Output file: <fig_10b-eps-converted-to.pdf>
(epstopdf)                    date: 2017-05-23 14:52:48
(epstopdf)                    size: 5090 bytes
(epstopdf)             Command: <epstopdf --outfile=fig_10b-eps-converted-to.pd
f fig_10b.eps>
(epstopdf)             \includegraphics on input line 308.
Package epstopdf Info: Output file is already uptodate.

<fig_10b-eps-converted-to.pdf, id=322, 421.575pt x 316.18124pt>
File: fig_10b-eps-converted-to.pdf Graphic file (type pdf)

<use fig_10b-eps-converted-to.pdf>
Package pdftex.def Info: fig_10b-eps-converted-to.pdf used on input line 308.
(pdftex.def)             Requested size: 101.25745pt x 75.94293pt.
Package epstopdf Info: Source file: <fig_11a.eps>
(epstopdf)                    date: 2017-05-23 14:46:32
(epstopdf)                    size: 70153 bytes
(epstopdf)             Output file: <fig_11a-eps-converted-to.pdf>
(epstopdf)                    date: 2017-05-23 14:52:49
(epstopdf)                    size: 6566 bytes
(epstopdf)             Command: <epstopdf --outfile=fig_11a-eps-converted-to.pd
f fig_11a.eps>
(epstopdf)             \includegraphics on input line 320.
Package epstopdf Info: Output file is already uptodate.

<fig_11a-eps-converted-to.pdf, id=324, 421.575pt x 316.18124pt>
File: fig_11a-eps-converted-to.pdf Graphic file (type pdf)

<use fig_11a-eps-converted-to.pdf>
Package pdftex.def Info: fig_11a-eps-converted-to.pdf used on input line 320.
(pdftex.def)             Requested size: 101.25745pt x 75.94293pt.
Package epstopdf Info: Source file: <fig_11b.eps>
(epstopdf)                    date: 2017-05-23 14:46:55
(epstopdf)                    size: 327428 bytes
(epstopdf)             Output file: <fig_11b-eps-converted-to.pdf>
(epstopdf)                    date: 2017-05-23 14:52:50
(epstopdf)                    size: 9578 bytes
(epstopdf)             Command: <epstopdf --outfile=fig_11b-eps-converted-to.pd
f fig_11b.eps>
(epstopdf)             \includegraphics on input line 323.
Package epstopdf Info: Output file is already uptodate.

<fig_11b-eps-converted-to.pdf, id=325, 421.575pt x 316.18124pt>
File: fig_11b-eps-converted-to.pdf Graphic file (type pdf)

<use fig_11b-eps-converted-to.pdf>
Package pdftex.def Info: fig_11b-eps-converted-to.pdf used on input line 323.
(pdftex.def)             Requested size: 101.25745pt x 75.94293pt.
Package epstopdf Info: Source file: <fig_11c.eps>
(epstopdf)                    date: 2017-05-23 14:45:48
(epstopdf)                    size: 39035 bytes
(epstopdf)             Output file: <fig_11c-eps-converted-to.pdf>
(epstopdf)                    date: 2017-05-23 14:52:50
(epstopdf)                    size: 3579 bytes
(epstopdf)             Command: <epstopdf --outfile=fig_11c-eps-converted-to.pd
f fig_11c.eps>
(epstopdf)             \includegraphics on input line 326.
Package epstopdf Info: Output file is already uptodate.

<fig_11c-eps-converted-to.pdf, id=326, 421.575pt x 316.18124pt>
File: fig_11c-eps-converted-to.pdf Graphic file (type pdf)

<use fig_11c-eps-converted-to.pdf>
Package pdftex.def Info: fig_11c-eps-converted-to.pdf used on input line 326.
(pdftex.def)             Requested size: 101.25745pt x 75.94293pt.
Package epstopdf Info: Source file: <fig_11d.eps>
(epstopdf)                    date: 2017-05-23 14:45:26
(epstopdf)                    size: 13640 bytes
(epstopdf)             Output file: <fig_11d-eps-converted-to.pdf>
(epstopdf)                    date: 2017-05-23 14:52:51
(epstopdf)                    size: 3257 bytes
(epstopdf)             Command: <epstopdf --outfile=fig_11d-eps-converted-to.pd
f fig_11d.eps>
(epstopdf)             \includegraphics on input line 329.
Package epstopdf Info: Output file is already uptodate.

<fig_11d-eps-converted-to.pdf, id=327, 421.575pt x 316.18124pt>
File: fig_11d-eps-converted-to.pdf Graphic file (type pdf)

<use fig_11d-eps-converted-to.pdf>
Package pdftex.def Info: fig_11d-eps-converted-to.pdf used on input line 329.
(pdftex.def)             Requested size: 101.25745pt x 75.94293pt.
Package epstopdf Info: Source file: <fig12_Base.eps>
(epstopdf)                    date: 2017-01-24 11:22:14
(epstopdf)                    size: 2280665 bytes
(epstopdf)             Output file: <fig12_Base-eps-converted-to.pdf>
(epstopdf)                    date: 2017-01-24 11:22:14
(epstopdf)                    size: 35555 bytes
(epstopdf)             Command: <epstopdf --outfile=fig12_Base-eps-converted-to
.pdf fig12_Base.eps>
(epstopdf)             \includegraphics on input line 348.
Package epstopdf Info: Output file is already uptodate.

<fig12_Base-eps-converted-to.pdf, id=328, 492.84125pt x 463.7325pt>
File: fig12_Base-eps-converted-to.pdf Graphic file (type pdf)

<use fig12_Base-eps-converted-to.pdf>
Package pdftex.def Info: fig12_Base-eps-converted-to.pdf used on input line 348
.
(pdftex.def)             Requested size: 177.20633pt x 166.73836pt.
Package epstopdf Info: Source file: <fig12_CPC.eps>
(epstopdf)                    date: 2017-01-24 11:22:14
(epstopdf)                    size: 3104829 bytes
(epstopdf)             Output file: <fig12_CPC-eps-converted-to.pdf>
(epstopdf)                    date: 2017-01-24 11:22:14
(epstopdf)                    size: 61199 bytes
(epstopdf)             Command: <epstopdf --outfile=fig12_CPC-eps-converted-to.
pdf fig12_CPC.eps>
(epstopdf)             \includegraphics on input line 350.
Package epstopdf Info: Output file is already uptodate.

<fig12_CPC-eps-converted-to.pdf, id=329, 602.25pt x 457.71pt>
File: fig12_CPC-eps-converted-to.pdf Graphic file (type pdf)

<use fig12_CPC-eps-converted-to.pdf>
Package pdftex.def Info: fig12_CPC-eps-converted-to.pdf used on input line 350.

(pdftex.def)             Requested size: 202.51491pt x 153.90823pt.
Package epstopdf Info: Source file: <fig12_CPP.eps>
(epstopdf)                    date: 2017-01-24 11:22:14
(epstopdf)                    size: 2575768 bytes
(epstopdf)             Output file: <fig12_CPP-eps-converted-to.pdf>
(epstopdf)                    date: 2017-01-24 11:22:14
(epstopdf)                    size: 53437 bytes
(epstopdf)             Command: <epstopdf --outfile=fig12_CPP-eps-converted-to.
pdf fig12_CPP.eps>
(epstopdf)             \includegraphics on input line 352.
Package epstopdf Info: Output file is already uptodate.

<fig12_CPP-eps-converted-to.pdf, id=330, 523.9575pt x 520.94624pt>
File: fig12_CPP-eps-converted-to.pdf Graphic file (type pdf)

<use fig12_CPP-eps-converted-to.pdf>
Package pdftex.def Info: fig12_CPP-eps-converted-to.pdf used on input line 352.

(pdftex.def)             Requested size: 202.51491pt x 201.3479pt.
Package epstopdf Info: Source file: <fig12_CPV.eps>
(epstopdf)                    date: 2017-01-24 11:22:14
(epstopdf)                    size: 3210205 bytes
(epstopdf)             Output file: <fig12_CPV-eps-converted-to.pdf>
(epstopdf)                    date: 2017-01-24 11:22:14
(epstopdf)                    size: 38351 bytes
(epstopdf)             Command: <epstopdf --outfile=fig12_CPV-eps-converted-to.
pdf fig12_CPV.eps>
(epstopdf)             \includegraphics on input line 353.
Package epstopdf Info: Output file is already uptodate.

<fig12_CPV-eps-converted-to.pdf, id=331, 582.175pt x 506.89375pt>
File: fig12_CPV-eps-converted-to.pdf Graphic file (type pdf)

<use fig12_CPV-eps-converted-to.pdf>
Package pdftex.def Info: fig12_CPV-eps-converted-to.pdf used on input line 353.

(pdftex.def)             Requested size: 202.51491pt x 176.32489pt.
 [6.6 <C:/Users/Administrator/Desktop/0MissingNotAtRandom-master/fig8_eachmovie
_popular-eps-converted-to.pdf> <C:/Users/Administrator/Desktop/0MissingNotAtRan
dom-master/fig_9a-eps-converted-to.pdf> <C:/Users/Administrator/Desktop/0Missin
gNotAtRandom-master/fig_9b-eps-converted-to.pdf> <C:/Users/Administrator/Deskto
p/0MissingNotAtRandom-master/fig_10a-eps-converted-to.pdf> <C:/Users/Administra
tor/Desktop/0MissingNotAtRandom-master/fig_10b-eps-converted-to.pdf> <C:/Users/
Administrator/Desktop/0MissingNotAtRandom-master/fig_11a-eps-converted-to.pdf> 
<C:/Users/Administrator/Desktop/0MissingNotAtRandom-master/fig_11b-eps-converte
d-to.pdf> <C:/Users/Administrator/Desktop/0MissingNotAtRandom-master/fig_11c-ep
s-converted-to.pdf> <C:/Users/Administrator/Desktop/0MissingNotAtRandom-master/
fig_11d-eps-converted-to.pdf>]
Underfull \vbox (badness 10000) has occurred while \output is active []

 [7.7 <C:/Users/Administrator/Desktop/0MissingNotAtRandom-master/fig12_Base-eps
-converted-to.pdf> <C:/Users/Administrator/Desktop/0MissingNotAtRandom-master/f
ig12_CPC-eps-converted-to.pdf> <C:/Users/Administrator/Desktop/0MissingNotAtRan
dom-master/fig12_CPP-eps-converted-to.pdf> <C:/Users/Administrator/Desktop/0Mis
singNotAtRandom-master/fig12_CPV-eps-converted-to.pdf>]
Overfull \hbox (1.17252pt too wide) detected at line 429
[]\OML/cmm/m/it/9 P\OT1/cmr/m/n/9 (\OML/cmm/m/it/9 X[] \OT1/cmr/m/n/9 = 1\OMS/c
msy/m/n/9 j\OML/cmm/m/it/9 R[]; E[]; []; \OT1/cmr/m/n/9 ) = [][][]
 []


Overfull \hbox (8.06505pt too wide) in paragraph at lines 462--462
[] 
 []

[8.8]
Overfull \hbox (8.86783pt too wide) in paragraph at lines 493--493
[] 
 []


Overfull \hbox (32.60466pt too wide) in paragraph at lines 504--504
[] 
 []

Package epstopdf Info: Source file: <fig13_model_NDCG.eps>
(epstopdf)                    date: 2017-01-24 11:22:14
(epstopdf)                    size: 15660 bytes
(epstopdf)             Output file: <fig13_model_NDCG-eps-converted-to.pdf>
(epstopdf)                    date: 2017-01-24 11:22:14
(epstopdf)                    size: 8079 bytes
(epstopdf)             Command: <epstopdf --outfile=fig13_model_NDCG-eps-conver
ted-to.pdf fig13_model_NDCG.eps>
(epstopdf)             \includegraphics on input line 532.
Package epstopdf Info: Output file is already uptodate.
<fig13_model_NDCG-eps-converted-to.pdf, id=511, 1446.40375pt x 725.71124pt>
File: fig13_model_NDCG-eps-converted-to.pdf Graphic file (type pdf)

<use fig13_model_NDCG-eps-converted-to.pdf>
Package pdftex.def Info: fig13_model_NDCG-eps-converted-to.pdf used on input li
ne 532.
(pdftex.def)             Requested size: 227.83119pt x 114.31119pt.
Package epstopdf Info: Source file: <fig13_compare_NDCG.eps>
(epstopdf)                    date: 2017-01-24 11:22:14
(epstopdf)                    size: 20711 bytes
(epstopdf)             Output file: <fig13_compare_NDCG-eps-converted-to.pdf>
(epstopdf)                    date: 2017-01-24 11:22:14
(epstopdf)                    size: 9685 bytes
(epstopdf)             Command: <epstopdf --outfile=fig13_compare_NDCG-eps-conv
erted-to.pdf fig13_compare_NDCG.eps>
(epstopdf)             \includegraphics on input line 535.
Package epstopdf Info: Output file is already uptodate.

<fig13_compare_NDCG-eps-converted-to.pdf, id=512, 1446.40375pt x 725.71124pt>
File: fig13_compare_NDCG-eps-converted-to.pdf Graphic file (type pdf)

<use fig13_compare_NDCG-eps-converted-to.pdf>
Package pdftex.def Info: fig13_compare_NDCG-eps-converted-to.pdf used on input 
line 535.
(pdftex.def)             Requested size: 227.83119pt x 114.31119pt.

Underfull \vbox (badness 10000) has occurred while \output is active []

 [9.9pdfTeX warning (ext4): destination with the same identifier (name{equation
.4.12}) has been already used, duplicate ignored

\@EveryShipout@Output ...@Org@Shipout \box \@cclv 
                                                  
l.543 
      ]
Package epstopdf Info: Source file: <fig14_tau.eps>
(epstopdf)                    date: 2017-01-24 11:22:14
(epstopdf)                    size: 8721 bytes
(epstopdf)             Output file: <fig14_tau-eps-converted-to.pdf>
(epstopdf)                    date: 2017-01-24 11:22:14
(epstopdf)                    size: 6366 bytes
(epstopdf)             Command: <epstopdf --outfile=fig14_tau-eps-converted-to.
pdf fig14_tau.eps>
(epstopdf)             \includegraphics on input line 547.
Package epstopdf Info: Output file is already uptodate.
 <fig14_tau-eps-converted-to.pdf, id=526, 421.575pt x 317.185pt>
File: fig14_tau-eps-converted-to.pdf Graphic file (type pdf)

<use fig14_tau-eps-converted-to.pdf>
Package pdftex.def Info: fig14_tau-eps-converted-to.pdf used on input line 547.

(pdftex.def)             Requested size: 151.89003pt x 114.27846pt.
Package epstopdf Info: Source file: <fig14_K.eps>
(epstopdf)                    date: 2017-01-24 11:22:14
(epstopdf)                    size: 8698 bytes
(epstopdf)             Output file: <fig14_K-eps-converted-to.pdf>
(epstopdf)                    date: 2017-01-24 11:22:14
(epstopdf)                    size: 5551 bytes
(epstopdf)             Command: <epstopdf --outfile=fig14_K-eps-converted-to.pd
f fig14_K.eps>
(epstopdf)             \includegraphics on input line 549.
Package epstopdf Info: Output file is already uptodate.

<fig14_K-eps-converted-to.pdf, id=527, 421.575pt x 317.185pt>
File: fig14_K-eps-converted-to.pdf Graphic file (type pdf)

<use fig14_K-eps-converted-to.pdf>
Package pdftex.def Info: fig14_K-eps-converted-to.pdf used on input line 549.
(pdftex.def)             Requested size: 151.89003pt x 114.27846pt.
Package epstopdf Info: Source file: <fig14_C.eps>
(epstopdf)                    date: 2017-01-24 11:22:14
(epstopdf)                    size: 8617 bytes
(epstopdf)             Output file: <fig14_C-eps-converted-to.pdf>
(epstopdf)                    date: 2017-01-24 11:22:14
(epstopdf)                    size: 6245 bytes
(epstopdf)             Command: <epstopdf --outfile=fig14_C-eps-converted-to.pd
f fig14_C.eps>
(epstopdf)             \includegraphics on input line 551.
Package epstopdf Info: Output file is already uptodate.

<fig14_C-eps-converted-to.pdf, id=528, 421.575pt x 317.185pt>
File: fig14_C-eps-converted-to.pdf Graphic file (type pdf)

<use fig14_C-eps-converted-to.pdf>
Package pdftex.def Info: fig14_C-eps-converted-to.pdf used on input line 551.
(pdftex.def)             Requested size: 151.89003pt x 114.27846pt.
Package epstopdf Info: Source file: <fig15_umean.eps>
(epstopdf)                    date: 2017-01-24 11:22:14
(epstopdf)                    size: 11719 bytes
(epstopdf)             Output file: <fig15_umean-eps-converted-to.pdf>
(epstopdf)                    date: 2017-01-24 11:22:14
(epstopdf)                    size: 6993 bytes
(epstopdf)             Command: <epstopdf --outfile=fig15_umean-eps-converted-t
o.pdf fig15_umean.eps>
(epstopdf)             \includegraphics on input line 561.
Package epstopdf Info: Output file is already uptodate.

<fig15_umean-eps-converted-to.pdf, id=531, 1446.40375pt x 725.71124pt>
File: fig15_umean-eps-converted-to.pdf Graphic file (type pdf)

<use fig15_umean-eps-converted-to.pdf>
Package pdftex.def Info: fig15_umean-eps-converted-to.pdf used on input line 56
1.
(pdftex.def)             Requested size: 227.83119pt x 114.31119pt.

Underfull \vbox (badness 5431) has occurred while \output is active []

 [10.10 <C:/Users/Administrator/Desktop/0MissingNotAtRandom-master/fig13_model_
NDCG-eps-converted-to.pdf> <C:/Users/Administrator/Desktop/0MissingNotAtRandom-
master/fig13_compare_NDCG-eps-converted-to.pdf> <C:/Users/Administrator/Desktop
/0MissingNotAtRandom-master/fig15_umean-eps-converted-to.pdf>]
Missing character: There is no  in font cmr7!
Missing character: There is no  in font cmr7!
Missing character: There is no  in font cmr7!
 [11.11

 <C:/Users/Administrator/Desktop/0MissingNotAtRandom-master/fig14_tau-eps-conve
rted-to.pdf> <C:/Users/Administrator/Desktop/0MissingNotAtRandom-master/fig14_K
-eps-converted-to.pdf> <C:/Users/Administrator/Desktop/0MissingNotAtRandom-mast
er/fig14_C-eps-converted-to.pdf>]
Package atveryend Info: Empty hook `BeforeClearDocument' on input line 733.
Package atveryend Info: Empty hook `AfterLastShipout' on input line 733.

(C:\Users\Administrator\Desktop\0MissingNotAtRandom-master\LaTeX1.aux)
Package atveryend Info: Executing hook `AtVeryEndDocument' on input line 733.
Package atveryend Info: Executing hook `AtEndAfterFileList' on input line 733.
Package rerunfilecheck Info: File `LaTeX1.out' has not changed.
(rerunfilecheck)             Checksum: 5422631A96BA2D69498B65FDABDCAD2C;1288.


LaTeX Warning: There were multiply-defined labels.

 ) 
Here is how much of TeX's memory you used:
 13063 strings out of 495354
 192560 string characters out of 3183860
 369455 words of memory out of 3000000
 15571 multiletter control sequences out of 15000+200000
 18943 words of font info for 130 fonts, out of 3000000 for 9000
 175 hyphenation exceptions out of 8191
 60i,16n,94p,1858b,548s stack positions out of 5000i,500n,10000p,200000b,50000s
{E:/CTEX/MiKTeX/fonts/enc/dvips/cm-super/cm-super-ts1.enc}<E:/CTEX/MiKTeX/fon
ts/type1/public/amsfonts/cm/cmbx10.pfb><E:/CTEX/MiKTeX/fonts/type1/public/amsfo
nts/cm/cmbx8.pfb><E:/CTEX/MiKTeX/fonts/type1/public/amsfonts/cm/cmbx9.pfb><E:/C
TEX/MiKTeX/fonts/type1/public/amsfonts/cmextra/cmex7.pfb><E:/CTEX/MiKTeX/fonts/
type1/public/amsfonts/cmextra/cmex9.pfb><E:/CTEX/MiKTeX/fonts/type1/public/amsf
onts/cm/cmmi5.pfb><E:/CTEX/MiKTeX/fonts/type1/public/amsfonts/cm/cmmi6.pfb><E:/
CTEX/MiKTeX/fonts/type1/public/amsfonts/cm/cmmi7.pfb><E:/CTEX/MiKTeX/fonts/type
1/public/amsfonts/cm/cmmi9.pfb><E:/CTEX/MiKTeX/fonts/type1/public/amsfonts/cm/c
mr12.pfb><E:/CTEX/MiKTeX/fonts/type1/public/amsfonts/cm/cmr5.pfb><E:/CTEX/MiKTe
X/fonts/type1/public/amsfonts/cm/cmr6.pfb><E:/CTEX/MiKTeX/fonts/type1/public/am
sfonts/cm/cmr7.pfb><E:/CTEX/MiKTeX/fonts/type1/public/amsfonts/cm/cmr8.pfb><E:/
CTEX/MiKTeX/fonts/type1/public/amsfonts/cm/cmr9.pfb><E:/CTEX/MiKTeX/fonts/type1
/public/amsfonts/cm/cmss9.pfb><E:/CTEX/MiKTeX/fonts/type1/public/amsfonts/cm/cm
ssbx10.pfb><E:/CTEX/MiKTeX/fonts/type1/public/amsfonts/cm/cmsy5.pfb><E:/CTEX/Mi
KTeX/fonts/type1/public/amsfonts/cm/cmsy6.pfb><E:/CTEX/MiKTeX/fonts/type1/publi
c/amsfonts/cm/cmsy9.pfb><E:/CTEX/MiKTeX/fonts/type1/public/amsfonts/cm/cmti7.pf
b><E:/CTEX/MiKTeX/fonts/type1/public/amsfonts/cm/cmti8.pfb><E:/CTEX/MiKTeX/font
s/type1/public/amsfonts/cm/cmti9.pfb><E:/CTEX/MiKTeX/fonts/type1/public/cm-supe
r/sfrm0700.pfb>
Output written on LaTeX1.pdf (11 pages, 782734 bytes).
PDF statistics:
 685 PDF objects out of 1000 (max. 8388607)
 127 named destinations out of 1000 (max. 500000)
 22882 words of extra memory for PDF output out of 24883 (max. 10000000)

